<?xml version="1.0" encoding="UTF-8"?>
<!-- Generated by org.testng.reporters.JUnitXMLReporter -->
<testsuite hostname="pc1" name="Default test" tests="2" failures="0" timestamp="1 Nov 2017 09:52:21 GMT" time="35.793" errors="0">
  <testcase name="BlankErrorTest" time="0.0" classname="fristproject1.LoginTestCase">
    <skipped/>
  </testcase> <!-- BlankErrorTest -->
  <testcase name="BValidTest" time="0.0" classname="fristproject1.LoginTestCase">
    <skipped/>
  </testcase> <!-- BValidTest -->
</testsuite> <!-- Default test -->
